Arguments: 
  /Users/rambo/.nvm/versions/node/v11.15.0/bin/node /Users/rambo/.yarn/bin/yarn.js start

PATH: 
  /Users/rambo/.yarn/bin:/Users/rambo/.nvm/versions/node/v11.15.0/bin:/usr/local/bin:/usr/bin:/bin:/usr/sbin:/sbin

Yarn version: 
  1.5.1

Node version: 
  11.15.0

Platform: 
  darwin x64

npm manifest: 
  {
    "author": "Jorge Baumann",
    "name": "testing-nodejs",
    "version": "1.0.0",
    "main": "src/index.js",
    "scripts": {
      "test": "ava --verbose",
      "test:coverage": "nyc npm run test && nyc report --reporter=text-lcov | coveralls",
      "test:codecov": "nyc --reporter=html --reporter=text ava"
    },
    "keywords": ["testing", "code-coverage"],
    "license": "GPL-3.0",
    "devDependencies": {
      "ava": "^2.3.0",
      "coveralls": "^3.0.6",
      "nyc": "^14.1.1"
    }
  }

yarn manifest: 
  No manifest

Lockfile: 
  No lockfile

Trace: 
  Error: Command "start" not found.
      at new MessageError (/Users/rambo/.yarn/lib/cli.js:186:110)
      at /Users/rambo/.yarn/lib/cli.js:87307:17
      at Generator.next (<anonymous>)
      at step (/Users/rambo/.yarn/lib/cli.js:98:30)
      at /Users/rambo/.yarn/lib/cli.js:116:14
      at new Promise (<anonymous>)
      at new F (/Users/rambo/.yarn/lib/cli.js:23451:28)
      at /Users/rambo/.yarn/lib/cli.js:95:12
      at runCommand (/Users/rambo/.yarn/lib/cli.js:87312:22)
      at Object.<anonymous> (/Users/rambo/.yarn/lib/cli.js:87412:14)
